{"uuid":"702e9359-d0dc-4b76-88dd-1f55e3388a73","children":["aa49dc35-5bf7-40af-a9ce-359e8f83e1a9"],"befores":[{"name":"stepDefinitions.webAppSteps.ProductSearchSteps.beforeScenario(io.cucumber.java.Scenario)","status":"broken","statusDetails":{"known":false,"muted":false,"flaky":false,"message":"Failed to instantiate class stepDefinitions.webAppSteps.ProductSearchSteps","trace":"io.cucumber.core.exception.CucumberException: Failed to instantiate class stepDefinitions.webAppSteps.ProductSearchSteps\r\n\tat io.cucumber.core.backend.DefaultObjectFactory.cacheNewInstance(DefaultObjectFactory.java:67)\r\n\tat io.cucumber.core.backend.DefaultObjectFactory.getInstance(DefaultObjectFactory.java:45)\r\n\tat io.cucumber.java.AbstractGlueDefinition.invokeMethod(AbstractGlueDefinition.java:47)\r\n\tat io.cucumber.java.JavaHookDefinition.execute(JavaHookDefinition.java:64)\r\n\tat io.cucumber.core.runner.CoreHookDefinition.execute(CoreHookDefinition.java:46)\r\n\tat io.cucumber.core.runner.HookDefinitionMatch.runStep(HookDefinitionMatch.java:21)\r\n\tat io.cucumber.core.runner.ExecutionMode$1.execute(ExecutionMode.java:10)\r\n\tat io.cucumber.core.runner.TestStep.executeStep(TestStep.java:84)\r\n\tat io.cucumber.core.runner.TestStep.run(TestStep.java:56)\r\n\tat io.cucumber.core.runner.TestCase.run(TestCase.java:78)\r\n\tat io.cucumber.core.runner.Runner.runPickle(Runner.java:75)\r\n\tat io.cucumber.core.runtime.Runtime.lambda$executePickle$6(Runtime.java:107)\r\n\tat io.cucumber.core.runtime.CucumberExecutionContext.lambda$runTestCase$5(CucumberExecutionContext.java:137)\r\n\tat io.cucumber.core.runtime.RethrowingThrowableCollector.executeAndThrow(RethrowingThrowableCollector.java:23)\r\n\tat io.cucumber.core.runtime.CucumberExecutionContext.runTestCase(CucumberExecutionContext.java:137)\r\n\tat io.cucumber.core.runtime.Runtime.lambda$executePickle$7(Runtime.java:107)\r\n\tat java.base/java.util.concurrent.Executors$RunnableAdapter.call(Executors.java:572)\r\n\tat java.base/java.util.concurrent.FutureTask.run(FutureTask.java:317)\r\n\tat io.cucumber.core.runtime.Runtime$SameThreadExecutorService.execute(Runtime.java:235)\r\n\tat java.base/java.util.concurrent.AbstractExecutorService.submit(AbstractExecutorService.java:123)\r\n\tat io.cucumber.core.runtime.Runtime.lambda$runFeatures$3(Runtime.java:89)\r\n\tat java.base/java.util.stream.ReferencePipeline$3$1.accept(ReferencePipeline.java:212)\r\n\tat java.base/java.util.stream.SliceOps$1$1.accept(SliceOps.java:200)\r\n\tat java.base/java.util.ArrayList$ArrayListSpliterator.tryAdvance(ArrayList.java:1686)\r\n\tat java.base/java.util.stream.ReferencePipeline.forEachWithCancel(ReferencePipeline.java:144)\r\n\tat java.base/java.util.stream.AbstractPipeline.copyIntoWithCancel(AbstractPipeline.java:574)\r\n\tat java.base/java.util.stream.AbstractPipeline.copyInto(AbstractPipeline.java:560)\r\n\tat java.base/java.util.stream.AbstractPipeline.wrapAndCopyInto(AbstractPipeline.java:546)\r\n\tat java.base/java.util.stream.ReduceOps$ReduceOp.evaluateSequential(ReduceOps.java:921)\r\n\tat java.base/java.util.stream.AbstractPipeline.evaluate(AbstractPipeline.java:265)\r\n\tat java.base/java.util.stream.ReferencePipeline.collect(ReferencePipeline.java:702)\r\n\tat io.cucumber.core.runtime.Runtime.runFeatures(Runtime.java:90)\r\n\tat io.cucumber.core.runtime.Runtime.lambda$run$0(Runtime.java:78)\r\n\tat io.cucumber.core.runtime.CucumberExecutionContext.lambda$runFeatures$6(CucumberExecutionContext.java:148)\r\n\tat io.cucumber.core.runtime.CucumberExecutionContext.execute(CucumberExecutionContext.java:163)\r\n\tat io.cucumber.core.runtime.CucumberExecutionContext.runFeatures(CucumberExecutionContext.java:146)\r\n\tat io.cucumber.core.runtime.Runtime.run(Runtime.java:78)\r\n\tat io.cucumber.core.cli.Main.run(Main.java:87)\r\n\tat io.cucumber.core.cli.Main.run(Main.java:43)\r\n\tat runners.TestRunner.main(TestRunner.java:69)\r\nCaused by: java.lang.reflect.InvocationTargetException\r\n\tat java.base/jdk.internal.reflect.DirectConstructorHandleAccessor.newInstance(DirectConstructorHandleAccessor.java:74)\r\n\tat java.base/java.lang.reflect.Constructor.newInstanceWithCaller(Constructor.java:502)\r\n\tat java.base/java.lang.reflect.Constructor.newInstance(Constructor.java:486)\r\n\tat io.cucumber.core.backend.DefaultObjectFactory.cacheNewInstance(DefaultObjectFactory.java:53)\r\n\t... 39 more\r\nCaused by: java.lang.NoClassDefFoundError: org/openqa/selenium/mobile/NetworkConnection\r\n\tat utils.WebDriverFactory.getDriver(WebDriverFactory.java:14)\r\n\tat stepDefinitions.webAppSteps.ProductSearchSteps.<init>(ProductSearchSteps.java:13)\r\n\tat java.base/jdk.internal.reflect.DirectConstructorHandleAccessor.newInstance(DirectConstructorHandleAccessor.java:62)\r\n\t... 42 more\r\nCaused by: java.lang.ClassNotFoundException: org.openqa.selenium.mobile.NetworkConnection\r\n\t... 45 more\r\n"},"stage":"finished","steps":[],"attachments":[],"parameters":[],"start":1742839991256,"stop":1742839991256}],"afters":[],"start":1742839991256,"stop":1742839991256}